Using pre-set license
Built from '2020.3/staging' branch; Version is '2020.3.4f1 (0abb6314276a) revision 703331'; Using compiler version '192528614'; Build Type 'Release'
OS: 'Windows 10 Home Single Language; OS build 22000.613; Version 2009; 64bit' Language: 'en' Physical Memory: 16145 MB
BatchMode: 1, IsHumanControllingUs: 0, StartBugReporterOnCrash: 0, Is64bit: 1, IsPro: 0

 COMMAND LINE ARGUMENTS:
C:\Program Files\Unity\Hub\Editor\2020.3.4f1\Editor\Unity.exe
-adb2
-batchMode
-noUpm
-name
AssetImportWorker0
-projectPath
C:/Users/HJess/OneDrive/Varsity USB/GameDesign/DADP/A5 Exploration_Metroidvania/2327163_A5/Bullet Hell - Oh Yeah!
-logFile
Logs/AssetImportWorker0.log
-srvPort
63390
Successfully changed project path to: C:/Users/HJess/OneDrive/Varsity USB/GameDesign/DADP/A5 Exploration_Metroidvania/2327163_A5/Bullet Hell - Oh Yeah!
C:/Users/HJess/OneDrive/Varsity USB/GameDesign/DADP/A5 Exploration_Metroidvania/2327163_A5/Bullet Hell - Oh Yeah!
Using Asset Import Pipeline V2.
Refreshing native plugins compatible for Editor in 68.04 ms, found 1 plugins.
Preloading 0 native plugins for Editor in 0.00 ms.
Initialize engine version: 2020.3.4f1 (0abb6314276a)
[Subsystems] Discovering subsystems at path C:/Program Files/Unity/Hub/Editor/2020.3.4f1/Editor/Data/Resources/UnitySubsystems
[Subsystems] Discovering subsystems at path C:/Users/HJess/OneDrive/Varsity USB/GameDesign/DADP/A5 Exploration_Metroidvania/2327163_A5/Bullet Hell - Oh Yeah!/Assets
GfxDevice: creating device client; threaded=0
Direct3D:
    Version:  Direct3D 11.0 [level 11.1]
    Renderer: NVIDIA GeForce GTX 1660 Ti (ID=0x2191)
    Vendor:   
    VRAM:     5991 MB
    Driver:   30.0.15.1169
Initialize mono
Mono path[0] = 'C:/Program Files/Unity/Hub/Editor/2020.3.4f1/Editor/Data/Managed'
Mono path[1] = 'C:/Program Files/Unity/Hub/Editor/2020.3.4f1/Editor/Data/MonoBleedingEdge/lib/mono/unityjit'
Mono config path = 'C:/Program Files/Unity/Hub/Editor/2020.3.4f1/Editor/Data/MonoBleedingEdge/etc'
Using monoOptions --debugger-agent=transport=dt_socket,embedding=1,server=y,suspend=n,address=127.0.0.1:56928
Begin MonoManager ReloadAssembly
Registering precompiled unity dll's ...
Register platform support module: C:/Program Files/Unity/Hub/Editor/2020.3.4f1/Editor/Data/PlaybackEngines/WindowsStandaloneSupport/UnityEditor.WindowsStandalone.Extensions.dll
Registered in 0.003225 seconds.
Native extension for WindowsStandalone target not found
Refreshing native plugins compatible for Editor in 66.55 ms, found 1 plugins.
Preloading 0 native plugins for Editor in 0.00 ms.
Mono: successfully reloaded assembly
- Completed reload, in  2.109 seconds
Platform modules already initialized, skipping
Registering precompiled user dll's ...
Registered in 0.002761 seconds.
Begin MonoManager ReloadAssembly
Native extension for WindowsStandalone target not found
Refreshing native plugins compatible for Editor in 60.09 ms, found 1 plugins.
Preloading 0 native plugins for Editor in 0.00 ms.
Mono: successfully reloaded assembly
- Completed reload, in  1.522 seconds
Platform modules already initialized, skipping
========================================================================
Worker process is ready to serve import requests
Launched and connected shader compiler UnityShaderCompiler.exe after 0.10 seconds
Refreshing native plugins compatible for Editor in 0.48 ms, found 1 plugins.
Preloading 0 native plugins for Editor in 0.00 ms.
Unloading 1808 Unused Serialized files (Serialized files now loaded: 0)
System memory in use before: 85.5 MB.
System memory in use after: 85.5 MB.

Unloading 24 unused Assets to reduce memory usage. Loaded Objects now: 2250.
Total: 4.371800 ms (FindLiveObjects: 0.351600 ms CreateObjectMapping: 0.140400 ms MarkObjects: 3.573400 ms  DeleteObjects: 0.304100 ms)

========================================================================
Received Import Request.
  path: Assets/Scenes/SampleScene.unity
  artifactKey: Guid(2cda990e2423bbf4892e6590ba056729) Importer(815301076,1909f56bfc062723c751e8b465ee728b)
Start importing Assets/Scenes/SampleScene.unity using Guid(2cda990e2423bbf4892e6590ba056729) Importer(815301076,1909f56bfc062723c751e8b465ee728b)  -> (artifact id: '55d65d5fff917f2d1ced4e7ecabd3689') in 0.022125 seconds
  Import took 0.028395 seconds .

========================================================================
Received Import Request.
  Time since last request: 4.352646 seconds.
  path: Assets/Scenes/MainScene.unity
  artifactKey: Guid(2cda990e2423bbf4892e6590ba056729) Importer(815301076,1909f56bfc062723c751e8b465ee728b)
Start importing Assets/Scenes/MainScene.unity using Guid(2cda990e2423bbf4892e6590ba056729) Importer(815301076,1909f56bfc062723c751e8b465ee728b)  -> (artifact id: '784dcd38902487b15408abdb93d6b1a5') in 0.009577 seconds
  Import took 0.015470 seconds .

========================================================================
Received Import Request.
  Time since last request: 1.945621 seconds.
  path: Assets
  artifactKey: Guid(00000000000000001000000000000000) Importer(815301076,1909f56bfc062723c751e8b465ee728b)
Start importing Assets using Guid(00000000000000001000000000000000) Importer(815301076,1909f56bfc062723c751e8b465ee728b)  -> (artifact id: '025e4f587c23674256bb898581e82961') in 0.007306 seconds
  Import took 0.015368 seconds .

========================================================================
Received Import Request.
  Time since last request: 4.309420 seconds.
  path: Assets/Scripts
  artifactKey: Guid(04783ad62b04bed43b91fc7fac49bff3) Importer(815301076,1909f56bfc062723c751e8b465ee728b)
Start importing Assets/Scripts using Guid(04783ad62b04bed43b91fc7fac49bff3) Importer(815301076,1909f56bfc062723c751e8b465ee728b)  -> (artifact id: '4e406f04c7460d6b1e972b153d5cfae3') in 0.009123 seconds
  Import took 0.018177 seconds .

========================================================================
Received Import Request.
  Time since last request: 5.390534 seconds.
  path: Assets/Animation
  artifactKey: Guid(e2661274ca4232543b0d504c482584ae) Importer(815301076,1909f56bfc062723c751e8b465ee728b)
Start importing Assets/Animation using Guid(e2661274ca4232543b0d504c482584ae) Importer(815301076,1909f56bfc062723c751e8b465ee728b)  -> (artifact id: '0ebdd1637eb943b5f4a4cdc229233ced') in 0.005011 seconds
  Import took 0.013045 seconds .

========================================================================
Received Import Request.
  Time since last request: 5.081916 seconds.
  path: Assets/Animations
  artifactKey: Guid(e2661274ca4232543b0d504c482584ae) Importer(815301076,1909f56bfc062723c751e8b465ee728b)
Start importing Assets/Animations using Guid(e2661274ca4232543b0d504c482584ae) Importer(815301076,1909f56bfc062723c751e8b465ee728b)  -> (artifact id: '3ccb38c3fb14d190bc565b5b493be3e7') in 0.009660 seconds
  Import took 0.016700 seconds .

========================================================================
Received Import Request.
  Time since last request: 6.611541 seconds.
  path: Assets/Sprites
  artifactKey: Guid(5bf175857cb3c0042b1cdc1a2bb37b73) Importer(815301076,1909f56bfc062723c751e8b465ee728b)
Start importing Assets/Sprites using Guid(5bf175857cb3c0042b1cdc1a2bb37b73) Importer(815301076,1909f56bfc062723c751e8b465ee728b)  -> (artifact id: '3ae772bce25895fe83760c33933e9c44') in 0.009206 seconds
  Import took 0.017710 seconds .

========================================================================
Received Import Request.
  Time since last request: 10.700444 seconds.
  path: Assets/Tile Palettes
  artifactKey: Guid(7b2d1cb28f4283847bf68696babe5863) Importer(815301076,1909f56bfc062723c751e8b465ee728b)
Start importing Assets/Tile Palettes using Guid(7b2d1cb28f4283847bf68696babe5863) Importer(815301076,1909f56bfc062723c751e8b465ee728b)  -> (artifact id: '5382bdab6dbd0fbd17bb217497238eb5') in 0.010981 seconds
  Import took 0.015869 seconds .

AssetImportWorkerClient::OnTransportError - code=2 error=End of file
